[2023-10-26T20:03:32.899+0000] {logging_mixin.py:151} INFO - Changing /opt/***/logs/dag_id=dataset_consumes_1/run_id=manual__2023-10-26T20:03:30.893657+00:00/task_id=consuming_1 permission to 509
[2023-10-26T20:03:32.923+0000] {logging_mixin.py:151} INFO - Changing /opt/***/logs/dag_id=dataset_consumes_1/run_id=manual__2023-10-26T20:03:30.893657+00:00/task_id=consuming_1 permission to 509
[2023-10-26T20:03:32.940+0000] {taskinstance.py:1159} INFO - Dependencies all met for dep_context=non-requeueable deps ti=<TaskInstance: dataset_consumes_1.consuming_1 manual__2023-10-26T20:03:30.893657+00:00 [queued]>
[2023-10-26T20:03:32.945+0000] {taskinstance.py:1159} INFO - Dependencies all met for dep_context=requeueable deps ti=<TaskInstance: dataset_consumes_1.consuming_1 manual__2023-10-26T20:03:30.893657+00:00 [queued]>
[2023-10-26T20:03:32.947+0000] {taskinstance.py:1361} INFO - Starting attempt 1 of 1
[2023-10-26T20:03:32.955+0000] {taskinstance.py:1382} INFO - Executing <Task(BashOperator): consuming_1> on 2023-10-26 20:03:30.893657+00:00
[2023-10-26T20:03:32.959+0000] {standard_task_runner.py:57} INFO - Started process 1650 to run task
[2023-10-26T20:03:32.960+0000] {standard_task_runner.py:84} INFO - Running: ['***', 'tasks', 'run', 'dataset_consumes_1', 'consuming_1', 'manual__2023-10-26T20:03:30.893657+00:00', '--job-id', '15', '--raw', '--subdir', '/home/***/.local/lib/python3.8/site-packages/***/example_dags/example_datasets.py', '--cfg-path', '/tmp/tmpip63w7ms']
[2023-10-26T20:03:32.962+0000] {standard_task_runner.py:85} INFO - Job 15: Subtask consuming_1
[2023-10-26T20:03:32.990+0000] {logging_mixin.py:151} INFO - Changing /opt/***/logs/dag_id=dataset_consumes_1/run_id=manual__2023-10-26T20:03:30.893657+00:00/task_id=consuming_1 permission to 509
[2023-10-26T20:03:32.994+0000] {task_command.py:416} INFO - Running <TaskInstance: dataset_consumes_1.consuming_1 manual__2023-10-26T20:03:30.893657+00:00 [running]> on host 8b73404e0710
[2023-10-26T20:03:33.038+0000] {taskinstance.py:1662} INFO - Exporting env vars: AIRFLOW_CTX_DAG_OWNER='***' AIRFLOW_CTX_DAG_ID='dataset_consumes_1' AIRFLOW_CTX_TASK_ID='consuming_1' AIRFLOW_CTX_EXECUTION_DATE='2023-10-26T20:03:30.893657+00:00' AIRFLOW_CTX_TRY_NUMBER='1' AIRFLOW_CTX_DAG_RUN_ID='manual__2023-10-26T20:03:30.893657+00:00'
[2023-10-26T20:03:33.040+0000] {subprocess.py:63} INFO - Tmp dir root location: /tmp
[2023-10-26T20:03:33.040+0000] {subprocess.py:75} INFO - Running command: ['/bin/bash', '-c', 'sleep 5']
[2023-10-26T20:03:33.048+0000] {subprocess.py:86} INFO - Output:
[2023-10-26T20:03:38.050+0000] {subprocess.py:97} INFO - Command exited with return code 0
[2023-10-26T20:03:38.064+0000] {warnings.py:109} WARNING - /home/***/.local/lib/python3.8/site-packages/***/models/baseoperator.py:1471: RemovedInAirflow3Warning: Passing 'execution_date' to 'TaskInstance.xcom_push()' is deprecated.
  context["ti"].xcom_push(key=key, value=value, execution_date=execution_date)

[2023-10-26T20:03:38.077+0000] {taskinstance.py:1400} INFO - Marking task as SUCCESS. dag_id=dataset_consumes_1, task_id=consuming_1, execution_date=20231026T200330, start_date=20231026T200332, end_date=20231026T200338
[2023-10-26T20:03:38.101+0000] {local_task_job_runner.py:228} INFO - Task exited with return code 0
[2023-10-26T20:03:38.109+0000] {taskinstance.py:2778} INFO - 0 downstream tasks scheduled from follow-on schedule check
