2023-10-28 00:43:19,855 - INFO - Extracting data from table: 1
2023-10-28 00:43:19,962 - ERROR - Data extract error: Execution failed on sql 'SELECT * FROM 1': ('42000', "[42000] [Microsoft][ODBC SQL Server Driver][SQL Server]Incorrect syntax near '1'. (102) (SQLExecDirectW)")
2023-10-28 00:51:10,081 - ERROR - Data extract error: 'ETLProcess' object has no attribute 'server'
2023-10-28 00:51:10,082 - ERROR - Error occurred: name 'cnxn' is not defined
2023-10-28 00:55:40,876 - ERROR - Data extract error: (pyodbc.InterfaceError) ('IM002', '[IM002] [Microsoft][ODBC Driver Manager] Data source name not found and no default driver specified (0) (SQLDriverConnect)')
(Background on this error at: https://sqlalche.me/e/14/rvf5)
2023-10-28 00:57:05,525 - ERROR - Data extract error: (pyodbc.InterfaceError) ('IM002', '[IM002] [Microsoft][ODBC Driver Manager] Data source name not found and no default driver specified (0) (SQLDriverConnect)')
(Background on this error at: https://sqlalche.me/e/14/rvf5)
2023-10-28 01:08:08,156 - ERROR - Data transform error: 'ColumnName'
2023-10-28 01:08:48,414 - ERROR - Data transform error: 'ColumnName'
2023-10-28 01:08:48,414 - ERROR - Error occurred: 'NoneType' object has no attribute 'T'
2023-10-28 01:25:11,395 - ERROR - Data load error: ('42000', '[42000] [Microsoft][ODBC SQL Server Driver][SQL Server]Cannot open database "ETL" requested by the login. The login failed. (4060) (SQLDriverConnect); [42000] [Microsoft][ODBC SQL Server Driver][SQL Server]Cannot open database "ETL" requested by the login. The login failed. (4060)')
2023-10-28 01:25:11,395 - ERROR - Error occurred: cannot access local variable 'cnxn' where it is not associated with a value
2023-10-28 01:25:24,942 - ERROR - Data load error: ('42000', '[42000] [Microsoft][ODBC SQL Server Driver][SQL Server]Cannot open database "ETL" requested by the login. The login failed. (4060) (SQLDriverConnect); [42000] [Microsoft][ODBC SQL Server Driver][SQL Server]Cannot open database "ETL" requested by the login. The login failed. (4060)')
2023-10-28 01:25:24,942 - ERROR - Error occurred: cannot access local variable 'cnxn' where it is not associated with a value
2023-10-28 01:27:04,568 - ERROR - Data load error: ('42000', '[42000] [Microsoft][ODBC SQL Server Driver][SQL Server]Cannot open database "ETL" requested by the login. The login failed. (4060) (SQLDriverConnect); [42000] [Microsoft][ODBC SQL Server Driver][SQL Server]Cannot open database "ETL" requested by the login. The login failed. (4060)')
2023-10-28 01:27:04,568 - ERROR - Error occurred: cannot access local variable 'cnxn' where it is not associated with a value
2023-10-28 01:28:17,657 - ERROR - Data load error: ('42000', '[42000] [Microsoft][ODBC SQL Server Driver][SQL Server]Cannot open database "ETL" requested by the login. The login failed. (4060) (SQLDriverConnect); [42000] [Microsoft][ODBC SQL Server Driver][SQL Server]Cannot open database "ETL" requested by the login. The login failed. (4060)')
2023-10-28 01:28:17,657 - ERROR - Error occurred: cannot access local variable 'cnxn' where it is not associated with a value
2023-10-28 01:31:48,936 - ERROR - Database creation error: ('42000', "[42000] [Microsoft][ODBC SQL Server Driver][SQL Server]Incorrect syntax near the keyword 'IF'. (156) (SQLExecDirectW); [42000] [Microsoft][ODBC SQL Server Driver][SQL Server]Incorrect syntax near 'AdventureWorks2019'. (102)")
2023-10-28 01:31:49,690 - ERROR - Data load error: ('42000', '[42000] [Microsoft][ODBC SQL Server Driver][SQL Server]Cannot open database "ETL" requested by the login. The login failed. (4060) (SQLDriverConnect); [42000] [Microsoft][ODBC SQL Server Driver][SQL Server]Cannot open database "ETL" requested by the login. The login failed. (4060)')
2023-10-28 01:31:49,690 - ERROR - Error occurred: cannot access local variable 'cnxn' where it is not associated with a value
2023-10-28 01:33:08,626 - ERROR - Data load error: ('42000', '[42000] [Microsoft][ODBC SQL Server Driver][SQL Server]Cannot open database "ETL" requested by the login. The login failed. (4060) (SQLDriverConnect); [42000] [Microsoft][ODBC SQL Server Driver][SQL Server]Cannot open database "ETL" requested by the login. The login failed. (4060)')
2023-10-28 01:33:08,626 - ERROR - Error occurred: cannot access local variable 'cnxn' where it is not associated with a value
2023-10-28 01:36:53,057 - ERROR - Data load error: ('42000', '[42000] [Microsoft][ODBC SQL Server Driver][SQL Server]Cannot open database "ETL" requested by the login. The login failed. (4060) (SQLDriverConnect); [42000] [Microsoft][ODBC SQL Server Driver][SQL Server]Cannot open database "ETL" requested by the login. The login failed. (4060)')
2023-10-28 01:36:53,057 - ERROR - Error occurred: cannot access local variable 'cnxn' where it is not associated with a value
2023-10-28 01:39:25,373 - ERROR - Database creation error: ('42000', '[42000] [Microsoft][ODBC SQL Server Driver][SQL Server]CREATE DATABASE statement not allowed within multi-statement transaction. (226) (SQLExecDirectW)')
2023-10-28 01:39:26,057 - ERROR - Data load error: ('42000', '[42000] [Microsoft][ODBC SQL Server Driver][SQL Server]Cannot open database "ETL" requested by the login. The login failed. (4060) (SQLDriverConnect); [42000] [Microsoft][ODBC SQL Server Driver][SQL Server]Cannot open database "ETL" requested by the login. The login failed. (4060)')
2023-10-28 01:39:26,058 - ERROR - Error occurred: cannot access local variable 'cnxn' where it is not associated with a value
2023-10-28 01:41:52,878 - ERROR - Database creation error: ('42000', '[42000] [Microsoft][ODBC SQL Server Driver][SQL Server]CREATE DATABASE statement not allowed within multi-statement transaction. (226) (SQLExecDirectW)')
2023-10-28 01:41:53,533 - ERROR - Data load error: ('42000', '[42000] [Microsoft][ODBC SQL Server Driver][SQL Server]Cannot open database "ETL" requested by the login. The login failed. (4060) (SQLDriverConnect); [42000] [Microsoft][ODBC SQL Server Driver][SQL Server]Cannot open database "ETL" requested by the login. The login failed. (4060)')
2023-10-28 01:41:53,533 - ERROR - Error occurred: cannot access local variable 'cnxn' where it is not associated with a value
2023-10-28 11:11:11,702 - ERROR - Database creation error: ('42000', '[42000] [Microsoft][ODBC SQL Server Driver][SQL Server]CREATE DATABASE statement not allowed within multi-statement transaction. (226) (SQLExecDirectW)')
2023-10-28 11:11:12,483 - ERROR - Data load error: ('42000', '[42000] [Microsoft][ODBC SQL Server Driver][SQL Server]Cannot open database "ETL" requested by the login. The login failed. (4060) (SQLDriverConnect); [42000] [Microsoft][ODBC SQL Server Driver][SQL Server]Cannot open database "ETL" requested by the login. The login failed. (4060)')
2023-10-28 11:11:12,483 - ERROR - Error occurred: cannot access local variable 'cnxn' where it is not associated with a value
2023-10-28 11:15:51,450 - ERROR - Data load error: Execution failed on sql 'SELECT name FROM sqlite_master WHERE type='table' AND name=?;': ('42S02', "[42S02] [Microsoft][ODBC SQL Server Driver][SQL Server]Invalid object name 'sqlite_master'. (208) (SQLExecDirectW); [42S02] [Microsoft][ODBC SQL Server Driver][SQL Server]Statement(s) could not be prepared. (8180)")
2023-10-28 11:16:46,715 - ERROR - Data load error: ('42S01', "[42S01] [Microsoft][ODBC SQL Server Driver][SQL Server]There is already an object named 'ETL_DataTable' in the database. (2714) (SQLExecDirectW)")
2023-10-28 11:43:02,262 - ERROR - Data load error: ('42000', "[42000] [Microsoft][ODBC SQL Server Driver][SQL Server]Incorrect syntax near the keyword 'IF'. (156) (SQLExecDirectW); [42000] [Microsoft][ODBC SQL Server Driver][SQL Server]Incorrect syntax near 'ETL_Table'. (102)")
2023-10-28 11:45:18,982 - ERROR - Data load error: ('42000', "[42000] [Microsoft][ODBC SQL Server Driver][SQL Server]Incorrect syntax near the keyword 'IF'. (156) (SQLExecDirectW); [42000] [Microsoft][ODBC SQL Server Driver][SQL Server]Incorrect syntax near 'ETL_Table'. (102)")
2023-10-28 11:46:58,818 - ERROR - Data load error: ('42000', "[42000] [Microsoft][ODBC SQL Server Driver][SQL Server]Incorrect syntax near the keyword 'IF'. (156) (SQLExecDirectW); [42000] [Microsoft][ODBC SQL Server Driver][SQL Server]Incorrect syntax near 'ETL_Table'. (102)")
2023-10-28 11:47:27,239 - ERROR - Data load error: ('42000', "[42000] [Microsoft][ODBC SQL Server Driver][SQL Server]Incorrect syntax near the keyword 'IF'. (156) (SQLExecDirectW); [42000] [Microsoft][ODBC SQL Server Driver][SQL Server]Incorrect syntax near 'ETL_Table'. (102)")
2023-10-28 11:49:16,267 - ERROR - Data load error: Execution failed on sql 'SELECT name FROM sqlite_master WHERE type='table' AND name=?;': ('42S02', "[42S02] [Microsoft][ODBC SQL Server Driver][SQL Server]Invalid object name 'sqlite_master'. (208) (SQLExecDirectW); [42S02] [Microsoft][ODBC SQL Server Driver][SQL Server]Statement(s) could not be prepared. (8180)")
2023-10-28 11:54:14,823 - ERROR - Data load error: Execution failed on sql 'SELECT name FROM sqlite_master WHERE type='table' AND name=?;': ('42S02', "[42S02] [Microsoft][ODBC SQL Server Driver][SQL Server]Invalid object name 'sqlite_master'. (208) (SQLExecDirectW); [42S02] [Microsoft][ODBC SQL Server Driver][SQL Server]Statement(s) could not be prepared. (8180)")
2023-10-28 12:01:32,699 - ERROR - Data load error: Execution failed on sql 'SELECT name FROM sqlite_master WHERE type='table' AND name=?;': ('42S02', "[42S02] [Microsoft][ODBC SQL Server Driver][SQL Server]Invalid object name 'sqlite_master'. (208) (SQLExecDirectW); [42S02] [Microsoft][ODBC SQL Server Driver][SQL Server]Statement(s) could not be prepared. (8180)")
2023-10-28 12:03:20,559 - ERROR - Data load error: Execution failed on sql 'SELECT name FROM sqlite_master WHERE type='table' AND name=?;': ('42S02', "[42S02] [Microsoft][ODBC SQL Server Driver][SQL Server]Invalid object name 'sqlite_master'. (208) (SQLExecDirectW); [42S02] [Microsoft][ODBC SQL Server Driver][SQL Server]Statement(s) could not be prepared. (8180)")
2023-10-28 12:03:30,453 - ERROR - Data load error: Execution failed on sql 'SELECT name FROM sqlite_master WHERE type='table' AND name=?;': ('42S02', "[42S02] [Microsoft][ODBC SQL Server Driver][SQL Server]Invalid object name 'sqlite_master'. (208) (SQLExecDirectW); [42S02] [Microsoft][ODBC SQL Server Driver][SQL Server]Statement(s) could not be prepared. (8180)")
2023-10-28 12:04:05,093 - ERROR - Data load error: Execution failed on sql 'SELECT name FROM sqlite_master WHERE type='table' AND name=?;': ('42S02', "[42S02] [Microsoft][ODBC SQL Server Driver][SQL Server]Invalid object name 'sqlite_master'. (208) (SQLExecDirectW); [42S02] [Microsoft][ODBC SQL Server Driver][SQL Server]Statement(s) could not be prepared. (8180)")
