[2023-10-25T22:37:04.850+0000] {logging_mixin.py:151} INFO - Changing /opt/***/logs/dag_id=dataset_consumes_1/run_id=manual__2023-10-25T22:37:04.108091+00:00/task_id=consuming_1 permission to 509
[2023-10-25T22:37:04.873+0000] {logging_mixin.py:151} INFO - Changing /opt/***/logs/dag_id=dataset_consumes_1/run_id=manual__2023-10-25T22:37:04.108091+00:00/task_id=consuming_1 permission to 509
[2023-10-25T22:37:04.890+0000] {taskinstance.py:1159} INFO - Dependencies all met for dep_context=non-requeueable deps ti=<TaskInstance: dataset_consumes_1.consuming_1 manual__2023-10-25T22:37:04.108091+00:00 [queued]>
[2023-10-25T22:37:04.895+0000] {taskinstance.py:1159} INFO - Dependencies all met for dep_context=requeueable deps ti=<TaskInstance: dataset_consumes_1.consuming_1 manual__2023-10-25T22:37:04.108091+00:00 [queued]>
[2023-10-25T22:37:04.897+0000] {taskinstance.py:1361} INFO - Starting attempt 1 of 1
[2023-10-25T22:37:04.906+0000] {taskinstance.py:1382} INFO - Executing <Task(BashOperator): consuming_1> on 2023-10-25 22:37:04.108091+00:00
[2023-10-25T22:37:04.910+0000] {standard_task_runner.py:57} INFO - Started process 2575 to run task
[2023-10-25T22:37:04.912+0000] {standard_task_runner.py:84} INFO - Running: ['***', 'tasks', 'run', 'dataset_consumes_1', 'consuming_1', 'manual__2023-10-25T22:37:04.108091+00:00', '--job-id', '8', '--raw', '--subdir', '/home/***/.local/lib/python3.8/site-packages/***/example_dags/example_datasets.py', '--cfg-path', '/tmp/tmpnjyh1orx']
[2023-10-25T22:37:04.914+0000] {standard_task_runner.py:85} INFO - Job 8: Subtask consuming_1
[2023-10-25T22:37:04.946+0000] {logging_mixin.py:151} INFO - Changing /opt/***/logs/dag_id=dataset_consumes_1/run_id=manual__2023-10-25T22:37:04.108091+00:00/task_id=consuming_1 permission to 509
[2023-10-25T22:37:04.951+0000] {task_command.py:416} INFO - Running <TaskInstance: dataset_consumes_1.consuming_1 manual__2023-10-25T22:37:04.108091+00:00 [running]> on host b5d89a41befa
[2023-10-25T22:37:04.996+0000] {taskinstance.py:1662} INFO - Exporting env vars: AIRFLOW_CTX_DAG_OWNER='***' AIRFLOW_CTX_DAG_ID='dataset_consumes_1' AIRFLOW_CTX_TASK_ID='consuming_1' AIRFLOW_CTX_EXECUTION_DATE='2023-10-25T22:37:04.108091+00:00' AIRFLOW_CTX_TRY_NUMBER='1' AIRFLOW_CTX_DAG_RUN_ID='manual__2023-10-25T22:37:04.108091+00:00'
[2023-10-25T22:37:04.998+0000] {subprocess.py:63} INFO - Tmp dir root location: /tmp
[2023-10-25T22:37:04.999+0000] {subprocess.py:75} INFO - Running command: ['/bin/bash', '-c', 'sleep 5']
[2023-10-25T22:37:05.007+0000] {subprocess.py:86} INFO - Output:
[2023-10-25T22:37:10.009+0000] {subprocess.py:97} INFO - Command exited with return code 0
[2023-10-25T22:37:10.022+0000] {warnings.py:109} WARNING - /home/***/.local/lib/python3.8/site-packages/***/models/baseoperator.py:1471: RemovedInAirflow3Warning: Passing 'execution_date' to 'TaskInstance.xcom_push()' is deprecated.
  context["ti"].xcom_push(key=key, value=value, execution_date=execution_date)

[2023-10-25T22:37:10.034+0000] {taskinstance.py:1400} INFO - Marking task as SUCCESS. dag_id=dataset_consumes_1, task_id=consuming_1, execution_date=20231025T223704, start_date=20231025T223704, end_date=20231025T223710
[2023-10-25T22:37:10.059+0000] {local_task_job_runner.py:228} INFO - Task exited with return code 0
[2023-10-25T22:37:10.069+0000] {taskinstance.py:2778} INFO - 0 downstream tasks scheduled from follow-on schedule check
